FILE_TYPE=LIBRARY_PARTS;
PRIMITIVE 'ASPI_0530HI_2R2M_T2','ASPI_0530HI_2R2M_T2_Inductors Precision Moulded';
  PIN
    '1':
      PIN_NUMBER='(1)';
      NO_LOAD_CHECK=BOTH;
      NO_IO_CHECK=BOTH;
      ALLOW_CONNECT=TRUE;
      PINUSE='UNSPEC';
    '2':
      PIN_NUMBER='(2)';
      NO_LOAD_CHECK=BOTH;
      NO_IO_CHECK=BOTH;
      ALLOW_CONNECT=TRUE;
      PINUSE='UNSPEC';
  END_PIN;
  BODY
    PART_NAME='ASPI_0530HI_2R2M_T2';
    PHYS_DES_PREFIX='L';
    NO_LOAD_CHECK='TRUE';
    PIN_COUNT='2';
    BODY_NAME='ASPI_0530HI_2R2M_T2';
    JEDEC_TYPE='INDPM5652X300N';
  END_BODY;
END_PRIMITIVE;
END.
